<?xml version="1.0" encoding="UTF-8"?>
<!-- Generated by org.testng.reporters.JUnitReportReporter -->
<testsuite hostname="DESKTOP-GJSAEHS" failures="0" tests="1" name="com.swaraj.testcases.TC1_WebsiteLoginTest" time="3.406" errors="0" timestamp="2024-10-24T17:40:55 IST" skipped="0">
  <testcase classname="com.swaraj.testcases.TC1_WebsiteLoginTest" name="VerifyLogin" time="3.406"/>
  <system-out/>
</testsuite> <!-- com.swaraj.testcases.TC1_WebsiteLoginTest -->
