<?xml version="1.0" encoding="UTF-8"?>
<!-- Generated by org.testng.reporters.JUnitReportReporter -->
<testsuite hostname="DESKTOP-GJSAEHS" failures="0" tests="1" name="com.swaraj.testcases.TC1_WebsiteLoginTest" time="5.337" errors="0" timestamp="2024-10-25T12:50:25 IST" skipped="0">
  <testcase classname="com.swaraj.testcases.TC1_WebsiteLoginTest" name="VerifyLogin" time="5.337"/>
  <system-out/>
</testsuite> <!-- com.swaraj.testcases.TC1_WebsiteLoginTest -->
